	at java.io.BufferedInputStream.fill(BufferedInputStream.java:244) ~[?:?]
	at java.io.BufferedInputStream.read1(BufferedInputStream.java:284) ~[?:?]
	at java.io.BufferedInputStream.read(BufferedInputStream.java:343) ~[?:?]
	at sun.net.www.http.HttpClient.parseHTTPHeader(HttpClient.java:827) ~[?:?]
	at sun.net.www.http.HttpClient.parseHTTP(HttpClient.java:762) ~[?:?]
	at sun.net.www.protocol.http.HttpURLConnection.getInputStream0(HttpURLConnection.java:1688) ~[?:?]
	at sun.net.www.protocol.http.HttpURLConnection.getInputStream(HttpURLConnection.java:1589) ~[?:?]
	at sun.net.www.protocol.http.HttpURLConnection.getHeaderField(HttpURLConnection.java:3240) ~[?:?]
	at java.net.URLConnection.getHeaderFieldLong(URLConnection.java:637) ~[?:?]
	at java.net.URLConnection.getContentLengthLong(URLConnection.java:509) ~[?:?]
	at xaero.map.misc.Internet.checkModVersion(Internet.java:51) ~[XaerosWorldMap_1.33.0_Fabric_1.20.jar:?]
	... 10 more
[20:32:42] [Render thread/INFO]: Backend library: LWJGL version 3.3.1 SNAPSHOT
[20:32:42] [Worker-Main-1/ERROR]: Failed to retrieve profile key pair
java.io.IOException: Could not retrieve profile key pair
	at net.minecraft.class_7434.method_43605(class_7434.java:139) ~[client-intermediary.jar:?]
	at net.minecraft.class_7434.method_44291(class_7434.java:79) ~[client-intermediary.jar:?]
	at java.util.concurrent.CompletableFuture$AsyncSupply.run(CompletableFuture.java:1768) ~[?:?]
	at java.util.concurrent.CompletableFuture$AsyncSupply.exec(CompletableFuture.java:1760) ~[?:?]
	at java.util.concurrent.ForkJoinTask.doExec(ForkJoinTask.java:373) ~[?:?]
	at java.util.concurrent.ForkJoinPool$WorkQueue.topLevelExec(ForkJoinPool.java:1182) ~[?:?]
	at java.util.concurrent.ForkJoinPool.scan(ForkJoinPool.java:1655) ~[?:?]
	at java.util.concurrent.ForkJoinPool.runWorker(ForkJoinPool.java:1622) ~[?:?]
	at java.util.concurrent.ForkJoinWorkerThread.run(ForkJoinWorkerThread.java:165) ~[?:?]
[20:32:43] [Render thread/INFO]: Reloading ResourceManager: vanilla, fabric (fabric-api, fabric-api-base, fabric-api-lookup-api-v1, fabric-biome-api-v1, fabric-block-api-v1, fabric-blockrenderlayer-v1, fabric-client-tags-api-v1, fabric-command-api-v1, fabric-command-api-v2, fabric-commands-v0, fabric-containers-v0, fabric-content-registries-v0, fabric-convention-tags-v1, fabric-crash-report-info-v1, fabric-data-generation-api-v1, fabric-dimensions-v1, fabric-entity-events-v1, fabric-events-interaction-v0, fabric-events-lifecycle-v0, fabric-game-rule-api-v1, fabric-item-api-v1, fabric-item-group-api-v1, fabric-key-binding-api-v1, fabric-keybindings-v0, fabric-lifecycle-events-v1, fabric-loot-api-v2, fabric-loot-tables-v1, fabric-message-api-v1, fabric-mining-level-api-v1, fabric-model-loading-api-v1, fabric-models-v0, fabric-networking-api-v1, fabric-networking-v0, fabric-object-builder-api-v1, fabric-particles-v1, fabric-recipe-api-v1, fabric-registry-sync-v0, fabric-renderer-api-v1, fabric-renderer-indigo, fabric-renderer-registries-v1, fabric-rendering-data-attachment-v1, fabric-rendering-fluids-v1, fabric-rendering-v0, fabric-rendering-v1, fabric-resource-conditions-api-v1, fabric-resource-loader-v0, fabric-screen-api-v1, fabric-screen-handler-api-v1, fabric-sound-api-v1, fabric-transfer-api-v1, fabric-transitive-access-wideners-v1, fabricloader, xaeroworldmap)
[20:32:43] [Render thread/INFO]: Loading Xaero's World Map - Stage 2/2
[20:32:43] [Worker-Main-6/INFO]: Found unifont_all_no_pua-15.0.06.hex, loading
[20:32:43] [Render thread/INFO]: New world map region cache hash code: -1578492949
[20:32:43] [Render thread/INFO]: Registered player tracker system: map_synced
[20:32:43] [Render thread/INFO]: No Optifine!
[20:32:43] [Render thread/INFO]: Xaero's World Map: No Vivecraft!
[20:32:43] [Render thread/WARN]: Missing sound for event: minecraft:item.goat_horn.play
[20:32:43] [Render thread/WARN]: Missing sound for event: minecraft:entity.goat.screaming.horn_break
[20:32:43] [Render thread/INFO]: OpenAL initialized on device CoreAudio Default
[20:32:43] [Render thread/INFO]: Sound engine started
[20:32:43] [Render thread/INFO]: Created: 1024x512x4 minecraft:textures/atlas/blocks.png-atlas
[20:32:43] [Render thread/INFO]: Created: 256x256x4 minecraft:textures/atlas/signs.png-atlas
[20:32:43] [Render thread/INFO]: Created: 512x512x4 minecraft:textures/atlas/shield_patterns.png-atlas
[20:32:43] [Render thread/INFO]: Created: 512x512x4 minecraft:textures/atlas/banner_patterns.png-atlas
[20:32:43] [Render thread/INFO]: Created: 1024x1024x4 minecraft:textures/atlas/armor_trims.png-atlas
[20:32:44] [Render thread/INFO]: Created: 128x64x4 minecraft:textures/atlas/decorated_pot.png-atlas
[20:32:44] [Render thread/INFO]: Created: 256x256x4 minecraft:textures/atlas/chest.png-atlas
[20:32:44] [Render thread/INFO]: Created: 512x256x4 minecraft:textures/atlas/shulker_boxes.png-atlas
[20:32:44] [Render thread/INFO]: Created: 512x256x4 minecraft:textures/atlas/beds.png-atlas
[20:32:44] [Render thread/WARN]: Shader rendertype_entity_translucent_emissive could not find sampler named Sampler2 in the specified shader program.
[20:32:44] [Render thread/INFO]: Created: 256x256x0 minecraft:textures/atlas/particles.png-atlas
[20:32:44] [Render thread/INFO]: Created: 256x256x0 minecraft:textures/atlas/paintings.png-atlas
[20:32:44] [Render thread/INFO]: Created: 256x128x0 minecraft:textures/atlas/mob_effects.png-atlas
[20:32:44] [Render thread/INFO]: Successfully reloaded the world map shaders!
[20:32:44] [Realms Notification Availability checker #1/INFO]: Could not authorize you against Realms server: Invalid session id
[20:32:52] [Render thread/WARN]: xaerominimap:no_minimap missing from registry, but requested!
[20:32:52] [Render thread/WARN]: xaerominimap:no_minimap_harmful missing from registry, but requested!
[20:32:52] [Render thread/WARN]: xaerominimap:no_entity_radar missing from registry, but requested!
[20:32:52] [Render thread/WARN]: xaerominimap:no_entity_radar_harmful missing from registry, but requested!
[20:32:52] [Render thread/WARN]: xaerominimap:no_waypoints missing from registry, but requested!
[20:32:52] [Render thread/WARN]: xaerominimap:no_waypoints_harmful missing from registry, but requested!
[20:32:52] [Render thread/WARN]: xaerominimap:no_cave_maps missing from registry, but requested!
[20:32:52] [Render thread/WARN]: xaerominimap:no_cave_maps_harmful missing from registry, but requested!
[20:32:52] [Render thread/INFO]: [fabric-registry-sync] Loaded registry data [file 1/4]
[20:32:52] [Render thread/INFO]: Loaded 7 recipes
[20:32:52] [Render thread/INFO]: Loaded 1271 advancements
[20:32:53] [Render thread/INFO]: Applied 0 biome modifications to 0 of 64 new biomes in 603.6 μs
[20:32:53] [Server thread/INFO]: Starting integrated minecraft server version 1.20.1
[20:32:53] [Server thread/INFO]: Generating keypair
[20:32:53] [Server thread/INFO]: Preparing start region for dimension minecraft:overworld
[20:32:54] [Render thread/INFO]: 准备生成区域中：0%
[20:32:54] [Render thread/INFO]: 准备生成区域中：0%
[20:32:54] [Render thread/INFO]: 准备生成区域中：0%
[20:32:55] [Render thread/INFO]: 准备生成区域中：44%
[20:32:55] [Render thread/INFO]: Time elapsed: 1626 ms
[20:32:55] [Server thread/INFO]: Changing view distance to 12, from 10
[20:32:55] [Server thread/INFO]: Changing simulation distance to 12, from 0
[20:32:55] [Server thread/INFO]: guoziyang[local:E:ad064c7e] logged in with entity id 71 at (1270.9502081906853, 88.0, -794.4500165428411)
[20:32:55] [Server thread/INFO]: guoziyang加入了游戏
[20:32:55] [Render thread/INFO]: New world map session initialized!
[20:32:56] [Render thread/INFO]: Loaded 66 advancements
2023-08-23 20:32:59.165 java[4724:258746] TSM AdjustCapsLockLEDForKeyTransitionHandling - _ISSetPhysicalKeyboardCapsLockLED Inhibit
[20:32:59] [Server thread/INFO]: Saving and pausing game...
[20:32:59] [Server thread/INFO]: Saving chunks for level 'ServerLevel[20230821]'/minecraft:overworld
[20:32:59] [Server thread/INFO]: Saving chunks for level 'ServerLevel[20230821]'/minecraft:the_end
[20:32:59] [Server thread/INFO]: Saving chunks for level 'ServerLevel[20230821]'/minecraft:the_nether
#
# A fatal error has been detected by the Java Runtime Environment:
#
#  Internal Error (assembler_aarch64.hpp:267), pid=4724, tid=30467
#  guarantee(chk == -1 || chk == 0) failed: Field too big for insn
#
# JRE version: Java(TM) SE Runtime Environment (17.0.8+9) (build 17.0.8+9-LTS-211)
# Java VM: Java HotSpot(TM) 64-Bit Server VM (17.0.8+9-LTS-211, mixed mode, sharing, tiered, compressed oops, compressed class ptrs, g1 gc, bsd-aarch64)
# No core dump will be written. Core dumps have been disabled. To enable core dumping, try "ulimit -c unlimited" before starting Java again
#
# An error report file with more information is saved as:
# /Applications/Minecraft/.minecraft/hs_err_pid4724.log
#
# Compiler replay data is saved as:
# /Applications/Minecraft/.minecraft/replay_pid4724.log
#
# If you would like to submit a bug report, please visit:
#   https://bugreport.java.com/bugreport/crash.jsp
#
